<?xml version="1.0" encoding="UTF-8"?>
<testng-results skipped="0" failed="0" total="1" passed="1">
  <reporter-output>
    <line>
      <![CDATA[Navigated to browser:chromeURL:https://freecrm.com/]]>
    </line>
  </reporter-output>
  <suite name="Default suite" duration-ms="20283" started-at="2020-07-18T22:37:44Z" finished-at="2020-07-18T22:38:04Z">
    <groups>
    </groups>
    <test name="Default test" duration-ms="20283" started-at="2020-07-18T22:37:44Z" finished-at="2020-07-18T22:38:04Z">
      <class name="com.testcases.LogintestCRM">
        <test-method status="PASS" signature="setupSuite()[pri:0, instance:com.testcases.LogintestCRM@8bd1b6a]" name="setupSuite" is-config="true" duration-ms="779" started-at="2020-07-18T18:37:43Z" finished-at="2020-07-18T18:37:44Z">
          <reporter-output>
          </reporter-output>
        </test-method> <!-- setupSuite -->
        <test-method status="PASS" signature="setUp()[pri:0, instance:com.testcases.LogintestCRM@8bd1b6a]" name="setUp" is-config="true" duration-ms="9020" started-at="2020-07-18T18:37:44Z" finished-at="2020-07-18T18:37:53Z">
          <reporter-output>
            <line>
              <![CDATA[Navigated to browser:chromeURL:https://freecrm.com/]]>
            </line>
          </reporter-output>
        </test-method> <!-- setUp -->
        <test-method status="PASS" signature="loginApp()[pri:0, instance:com.testcases.LogintestCRM@8bd1b6a]" name="loginApp" duration-ms="9108" started-at="2020-07-18T18:37:53Z" finished-at="2020-07-18T18:38:02Z">
          <reporter-output>
          </reporter-output>
        </test-method> <!-- loginApp -->
        <test-method status="PASS" signature="tearDownmethod(org.testng.ITestResult)[pri:0, instance:com.testcases.LogintestCRM@8bd1b6a]" name="tearDownmethod" is-config="true" duration-ms="898" started-at="2020-07-18T18:38:02Z" finished-at="2020-07-18T18:38:03Z">
          <params>
            <param index="0">
              <value>
                <![CDATA[[TestResult name=loginApp status=SUCCESS method=LogintestCRM.loginApp()[pri:0, instance:com.testcases.LogintestCRM@8bd1b6a] output={null}]]]>
              </value>
            </param>
          </params>
          <reporter-output>
          </reporter-output>
        </test-method> <!-- tearDownmethod -->
        <test-method status="PASS" signature="teardown()[pri:0, instance:com.testcases.LogintestCRM@8bd1b6a]" name="teardown" is-config="true" duration-ms="1240" started-at="2020-07-18T18:38:03Z" finished-at="2020-07-18T18:38:04Z">
          <reporter-output>
          </reporter-output>
        </test-method> <!-- teardown -->
      </class> <!-- com.testcases.LogintestCRM -->
    </test> <!-- Default test -->
  </suite> <!-- Default suite -->
</testng-results>
